build/app/intermediates/manifest_merge_blame_file/debug/manifest-merger-blame-debug-report.txt
1<?xml version="1.0" encoding="utf-8"?>
2<manifest xmlns:android="http://schemas.android.com/apk/res/android"
3    package="com.drexapp.portfolio"
4    android:versionCode="1"
5    android:versionName="1.0.0" >
6
7    <uses-sdk
8        android:minSdkVersion="21"
9        android:targetSdkVersion="31" />
10    <!--
11         Flutter needs it to communicate with the running application
12         to allow setting breakpoints, to provide hot reload, etc.
13    -->
14    <uses-permission android:name="android.permission.INTERNET" />
14-->src\main\AndroidManifest.xml:3:5-67
14-->src\main\AndroidManifest.xml:3:22-64
15
16    <queries>
16-->src\main\AndroidManifest.xml:36:5-57:15
17
18        <!-- If your app opens https URLs -->
19        <intent>
19-->src\main\AndroidManifest.xml:38:9-41:18
20            <action android:name="android.intent.action.VIEW" />
20-->src\main\AndroidManifest.xml:39:13-65
20-->src\main\AndroidManifest.xml:39:21-62
21
22            <data android:scheme="https" />
22-->src\main\AndroidManifest.xml:40:13-44
22-->src\main\AndroidManifest.xml:40:19-41
23        </intent>
24        <!-- If your app makes calls -->
25        <intent>
25-->src\main\AndroidManifest.xml:43:9-46:18
26            <action android:name="android.intent.action.DIAL" />
26-->src\main\AndroidManifest.xml:44:13-65
26-->src\main\AndroidManifest.xml:44:21-62
27
28            <data android:scheme="tel" />
28-->src\main\AndroidManifest.xml:40:13-44
28-->src\main\AndroidManifest.xml:40:19-41
29        </intent>
30        <!-- If your sends SMS messages -->
31        <intent>
31-->src\main\AndroidManifest.xml:48:9-51:18
32            <action android:name="android.intent.action.SENDTO" />
32-->src\main\AndroidManifest.xml:49:13-67
32-->src\main\AndroidManifest.xml:49:21-64
33
34            <data android:scheme="smsto" />
34-->src\main\AndroidManifest.xml:40:13-44
34-->src\main\AndroidManifest.xml:40:19-41
35        </intent>
36        <!-- If your app sends emails -->
37        <intent>
37-->src\main\AndroidManifest.xml:53:9-56:18
38            <action android:name="android.intent.action.SEND" />
38-->src\main\AndroidManifest.xml:54:13-65
38-->src\main\AndroidManifest.xml:54:21-62
39
40            <data android:mimeType="*/*" />
40-->src\main\AndroidManifest.xml:40:13-44
41        </intent>
42        <intent>
42-->[:flutter_inappwebview] AndroidManifest.xml:8:9-10:18
43            <action android:name="android.support.customtabs.action.CustomTabsService" />
43-->[:flutter_inappwebview] AndroidManifest.xml:9:13-90
43-->[:flutter_inappwebview] AndroidManifest.xml:9:21-87
44        </intent>
45    </queries> <!-- Although the *SdkVersion is captured in gradle build files, this is required for non gradle builds -->
46    <!-- <uses-sdk android:minSdkVersion="14" /> -->
47    <uses-permission android:name="android.permission.ACCESS_NETWORK_STATE" />
47-->[com.google.firebase:firebase-firestore:24.1.0] AndroidManifest.xml:13:5-79
47-->[com.google.firebase:firebase-firestore:24.1.0] AndroidManifest.xml:13:22-76
48
49    <application
50        android:name="android.app.Application"
51        android:appComponentFactory="androidx.core.app.CoreComponentFactory"
51-->[androidx.core:core:1.6.0] AndroidManifest.xml:24:18-86
52        android:debuggable="true"
53        android:icon="@mipmap/ic_launcher"
54        android:label="Portfolio"
55        android:usesCleartextTraffic="true" >
56        <activity
57            android:name="com.drexapp.portfolio.MainActivity"
58            android:configChanges="orientation|keyboardHidden|keyboard|screenSize|smallestScreenSize|locale|layoutDirection|fontScale|screenLayout|density|uiMode"
59            android:exported="true"
60            android:hardwareAccelerated="true"
61            android:launchMode="singleTop"
62            android:theme="@style/LaunchTheme"
63            android:windowSoftInputMode="adjustResize" >
64
65            <!--
66                 Specifies an Android theme to apply to this Activity as soon as
67                 the Android process has started. This theme is visible to the user
68                 while the Flutter UI initializes. After that, this theme continues
69                 to determine the Window background behind the Flutter UI.
70            -->
71            <meta-data
72                android:name="io.flutter.embedding.android.NormalTheme"
73                android:resource="@style/NormalTheme" />
74
75            <intent-filter>
76                <action android:name="android.intent.action.MAIN" />
77
78                <category android:name="android.intent.category.LAUNCHER" />
79            </intent-filter>
80        </activity>
81        <!--
82             Don't delete the meta-data below.
83             This is used by the Flutter tool to generate GeneratedPluginRegistrant.java
84        -->
85        <meta-data
86            android:name="flutterEmbedding"
87            android:value="2" />
88
89        <service
89-->[:firebase_storage] AndroidManifest.xml:8:9-12:19
90            android:name="com.google.firebase.components.ComponentDiscoveryService"
90-->[:firebase_storage] AndroidManifest.xml:8:18-89
91            android:directBootAware="true"
91-->[com.google.firebase:firebase-common:20.1.0] AndroidManifest.xml:35:13-43
92            android:exported="false" >
92-->[com.google.firebase:firebase-firestore:24.1.0] AndroidManifest.xml:19:13-37
93            <meta-data
93-->[:firebase_storage] AndroidManifest.xml:9:13-11:85
94                android:name="com.google.firebase.components:io.flutter.plugins.firebase.storage.FlutterFirebaseAppRegistrar"
94-->[:firebase_storage] AndroidManifest.xml:10:17-126
95                android:value="com.google.firebase.components.ComponentRegistrar" />
95-->[:firebase_storage] AndroidManifest.xml:11:17-82
96            <meta-data
96-->[:cloud_firestore] AndroidManifest.xml:9:13-11:85
97                android:name="com.google.firebase.components:io.flutter.plugins.firebase.firestore.FlutterFirebaseFirestoreRegistrar"
97-->[:cloud_firestore] AndroidManifest.xml:10:17-134
98                android:value="com.google.firebase.components.ComponentRegistrar" />
98-->[:cloud_firestore] AndroidManifest.xml:11:17-82
99            <meta-data
99-->[:firebase_core] AndroidManifest.xml:9:13-11:85
100                android:name="com.google.firebase.components:io.flutter.plugins.firebase.core.FlutterFirebaseCoreRegistrar"
100-->[:firebase_core] AndroidManifest.xml:10:17-124
101                android:value="com.google.firebase.components.ComponentRegistrar" />
101-->[:firebase_core] AndroidManifest.xml:11:17-82
102            <meta-data
102-->[com.google.firebase:firebase-firestore:24.1.0] AndroidManifest.xml:20:13-22:85
103                android:name="com.google.firebase.components:com.google.firebase.firestore.FirestoreRegistrar"
103-->[com.google.firebase:firebase-firestore:24.1.0] AndroidManifest.xml:21:17-111
104                android:value="com.google.firebase.components.ComponentRegistrar" />
104-->[com.google.firebase:firebase-firestore:24.1.0] AndroidManifest.xml:22:17-82
105            <meta-data
105-->[com.google.firebase:firebase-storage:20.0.1] AndroidManifest.xml:33:13-35:85
106                android:name="com.google.firebase.components:com.google.firebase.storage.StorageRegistrar"
106-->[com.google.firebase:firebase-storage:20.0.1] AndroidManifest.xml:34:17-107
107                android:value="com.google.firebase.components.ComponentRegistrar" />
107-->[com.google.firebase:firebase-storage:20.0.1] AndroidManifest.xml:35:17-82
108        </service>
109
110        <activity
110-->[:flutter_inappwebview] AndroidManifest.xml:14:9-17:47
111            android:name="com.pichillilorenzo.flutter_inappwebview.in_app_browser.InAppBrowserActivity"
111-->[:flutter_inappwebview] AndroidManifest.xml:15:13-104
112            android:configChanges="orientation|keyboardHidden|keyboard|screenSize|locale|layoutDirection|fontScale|screenLayout|density"
112-->[:flutter_inappwebview] AndroidManifest.xml:16:13-137
113            android:theme="@style/AppTheme" />
113-->[:flutter_inappwebview] AndroidManifest.xml:17:13-44
114        <activity
114-->[:flutter_inappwebview] AndroidManifest.xml:18:9-20:55
115            android:name="com.pichillilorenzo.flutter_inappwebview.chrome_custom_tabs.ChromeCustomTabsActivity"
115-->[:flutter_inappwebview] AndroidManifest.xml:19:13-112
116            android:theme="@style/ThemeTransparent" />
116-->[:flutter_inappwebview] AndroidManifest.xml:20:13-52
117
118        <receiver android:name="com.pichillilorenzo.flutter_inappwebview.chrome_custom_tabs.ActionBroadcastReceiver" />
118-->[:flutter_inappwebview] AndroidManifest.xml:22:9-120
118-->[:flutter_inappwebview] AndroidManifest.xml:22:19-117
119
120        <meta-data
120-->[:flutter_inappwebview] AndroidManifest.xml:24:9-26:36
121            android:name="io.flutter.embedded_views_preview"
121-->[:flutter_inappwebview] AndroidManifest.xml:25:13-61
122            android:value="true" />
122-->[:flutter_inappwebview] AndroidManifest.xml:26:13-33
123
124        <activity
124-->[:url_launcher_android] AndroidManifest.xml:8:9-11:74
125            android:name="io.flutter.plugins.urllauncher.WebViewActivity"
125-->[:url_launcher_android] AndroidManifest.xml:9:13-74
126            android:exported="false"
126-->[:url_launcher_android] AndroidManifest.xml:10:13-37
127            android:theme="@android:style/Theme.NoTitleBar.Fullscreen" />
127-->[:url_launcher_android] AndroidManifest.xml:11:13-71
128
129        <uses-library
129-->[androidx.window:window:1.0.0-beta04] AndroidManifest.xml:25:9-27:40
130            android:name="androidx.window.extensions"
130-->[androidx.window:window:1.0.0-beta04] AndroidManifest.xml:26:13-54
131            android:required="false" />
131-->[androidx.window:window:1.0.0-beta04] AndroidManifest.xml:27:13-37
132        <uses-library
132-->[androidx.window:window:1.0.0-beta04] AndroidManifest.xml:28:9-30:40
133            android:name="androidx.window.sidecar"
133-->[androidx.window:window:1.0.0-beta04] AndroidManifest.xml:29:13-51
134            android:required="false" />
134-->[androidx.window:window:1.0.0-beta04] AndroidManifest.xml:30:13-37
135
136        <provider
136-->[com.google.firebase:firebase-common:20.1.0] AndroidManifest.xml:26:9-31:39
137            android:name="com.google.firebase.provider.FirebaseInitProvider"
137-->[com.google.firebase:firebase-common:20.1.0] AndroidManifest.xml:27:13-77
138            android:authorities="com.drexapp.portfolio.firebaseinitprovider"
138-->[com.google.firebase:firebase-common:20.1.0] AndroidManifest.xml:28:13-72
139            android:directBootAware="true"
139-->[com.google.firebase:firebase-common:20.1.0] AndroidManifest.xml:29:13-43
140            android:exported="false"
140-->[com.google.firebase:firebase-common:20.1.0] AndroidManifest.xml:30:13-37
141            android:initOrder="100" />
141-->[com.google.firebase:firebase-common:20.1.0] AndroidManifest.xml:31:13-36
142
143        <activity
143-->[com.google.android.gms:play-services-base:18.0.1] AndroidManifest.xml:20:9-22:45
144            android:name="com.google.android.gms.common.api.GoogleApiActivity"
144-->[com.google.android.gms:play-services-base:18.0.1] AndroidManifest.xml:20:19-85
145            android:exported="false"
145-->[com.google.android.gms:play-services-base:18.0.1] AndroidManifest.xml:22:19-43
146            android:theme="@android:style/Theme.Translucent.NoTitleBar" />
146-->[com.google.android.gms:play-services-base:18.0.1] AndroidManifest.xml:21:19-78
147
148        <meta-data
148-->[com.google.android.gms:play-services-basement:18.0.0] AndroidManifest.xml:21:9-23:69
149            android:name="com.google.android.gms.version"
149-->[com.google.android.gms:play-services-basement:18.0.0] AndroidManifest.xml:22:13-58
150            android:value="@integer/google_play_services_version" />
150-->[com.google.android.gms:play-services-basement:18.0.0] AndroidManifest.xml:23:13-66
151    </application>
152
153</manifest>